2018-01-25 11:44:58,420 __main__        INFO     MainProcess Processing image LC08_L1TP_015033_20150817_20170226_01_T1
2018-01-25 11:44:58,423 __main__        INFO     MainProcess Reading metadata
2018-01-25 11:44:58,427 __main__        INFO     MainProcess Clipping geographic data if necessary
2018-01-25 11:45:00,789 __main__        INFO     MainProcess Starting LST calculations
2018-01-25 11:45:00,829 __main__        INFO     MainProcess Calculating TOAr
2018-01-25 11:45:00,836 __main__        INFO     MainProcess Determining emissivity map
2018-01-25 11:45:00,859 __main__        INFO     MainProcess LC tif size: (812, 684)
2018-01-25 11:45:00,882 __main__        INFO     MainProcess calculating satellite temperature
2018-01-25 11:45:00,910 __main__        INFO     MainProcess making the atmospheric correction
2018-01-25 11:45:00,970 __main__        INFO     MainProcess Calculating the albedo
2018-01-25 11:45:01,178 __main__        INFO     MainProcess Calculating the albedo
2018-01-25 11:45:01,192 __main__        INFO     MainProcess Calculating the albedo
2018-01-25 11:45:01,231 __main__        INFO     MainProcess Calculating TOAr
2018-01-25 11:45:01,271 __main__        INFO     MainProcess Calculating TOAr
2018-01-25 11:45:01,309 __main__        INFO     MainProcess Calculating TOAr
2018-01-25 11:45:01,350 __main__        INFO     MainProcess Calculating TOAr
2018-01-25 11:45:01,393 __main__        INFO     MainProcess Calculating TOAr
2018-01-25 11:45:01,412 __main__        INFO     MainProcess Calculating the albedo
2018-01-25 11:45:01,430 __main__        INFO     MainProcess Processing image nan
2018-01-25 11:45:01,433 __main__        INFO     MainProcess Reading metadata
