2020-03-01 04:31:35,317 __main__        INFO     MainProcess Processing image bal: LC08_L1TP_015033_20150817_20170226_01_T1
2020-03-01 04:31:35,319 __main__        INFO     MainProcess Reading metadata
2020-03-01 04:31:35,320 __main__        INFO     MainProcess Calculating the albedo
2020-03-01 04:31:35,342 __main__        INFO     MainProcess Calculating TOA reflectance
2020-03-01 04:31:35,367 __main__        INFO     MainProcess Calculating TOA reflectance
2020-03-01 04:31:35,391 __main__        INFO     MainProcess Calculating TOA reflectance
2020-03-01 04:31:35,415 __main__        INFO     MainProcess Calculating TOA reflectance
2020-03-01 04:31:35,439 __main__        INFO     MainProcess Calculating TOA reflectance
2020-03-01 04:31:35,463 __main__        INFO     MainProcess Calculating TOA reflectance
2020-03-01 04:31:35,479 __main__        INFO     MainProcess Calculating the albedo
2020-03-01 04:31:35,491 __main__        INFO     MainProcess Processing image bal: LC08_L1TP_015033_20170907_20170926_01_T1
2020-03-01 04:31:35,492 __main__        INFO     MainProcess Reading metadata
2020-03-01 04:31:35,494 __main__        INFO     MainProcess Calculating the albedo
2020-03-01 04:31:35,515 __main__        INFO     MainProcess Calculating TOA reflectance
2020-03-01 04:31:35,540 __main__        INFO     MainProcess Calculating TOA reflectance
2020-03-01 04:31:35,564 __main__        INFO     MainProcess Calculating TOA reflectance
2020-03-01 04:31:35,588 __main__        INFO     MainProcess Calculating TOA reflectance
2020-03-01 04:31:35,614 __main__        INFO     MainProcess Calculating TOA reflectance
2020-03-01 04:31:35,638 __main__        INFO     MainProcess Calculating TOA reflectance
2020-03-01 04:31:35,652 __main__        INFO     MainProcess Calculating the albedo
2020-03-01 04:31:35,664 __main__        INFO     MainProcess Processing image bal: LC08_L1TP_015033_20170822_20170912_01_T1
2020-03-01 04:31:35,665 __main__        INFO     MainProcess Reading metadata
2020-03-01 04:31:35,667 __main__        INFO     MainProcess Calculating the albedo
2020-03-01 04:31:35,687 __main__        INFO     MainProcess Calculating TOA reflectance
2020-03-01 04:31:35,711 __main__        INFO     MainProcess Calculating TOA reflectance
2020-03-01 04:31:35,736 __main__        INFO     MainProcess Calculating TOA reflectance
2020-03-01 04:31:35,765 __main__        INFO     MainProcess Calculating TOA reflectance
2020-03-01 04:31:35,790 __main__        INFO     MainProcess Calculating TOA reflectance
2020-03-01 04:31:35,814 __main__        INFO     MainProcess Calculating TOA reflectance
2020-03-01 04:31:35,829 __main__        INFO     MainProcess Calculating the albedo
2020-03-01 04:31:35,840 __main__        INFO     MainProcess Processing image bal: LC08_L1TP_015033_20170518_20170525_01_T1
2020-03-01 04:31:35,842 __main__        INFO     MainProcess Reading metadata
2020-03-01 04:31:35,843 __main__        INFO     MainProcess Calculating the albedo
2020-03-01 04:31:35,863 __main__        INFO     MainProcess Calculating TOA reflectance
2020-03-01 04:31:35,888 __main__        INFO     MainProcess Calculating TOA reflectance
2020-03-01 04:31:35,912 __main__        INFO     MainProcess Calculating TOA reflectance
2020-03-01 04:31:35,936 __main__        INFO     MainProcess Calculating TOA reflectance
2020-03-01 04:31:35,961 __main__        INFO     MainProcess Calculating TOA reflectance
2020-03-01 04:31:35,987 __main__        INFO     MainProcess Calculating TOA reflectance
2020-03-01 04:31:36,001 __main__        INFO     MainProcess Calculating the albedo
2020-03-01 04:31:36,013 __main__        INFO     MainProcess Processing image bal: LC08_L1TP_015033_20160718_20170222_01_T1
2020-03-01 04:31:36,015 __main__        INFO     MainProcess Reading metadata
2020-03-01 04:31:36,016 __main__        INFO     MainProcess Calculating the albedo
2020-03-01 04:31:36,036 __main__        INFO     MainProcess Calculating TOA reflectance
2020-03-01 04:31:36,059 __main__        INFO     MainProcess Calculating TOA reflectance
2020-03-01 04:31:36,083 __main__        INFO     MainProcess Calculating TOA reflectance
2020-03-01 04:31:36,108 __main__        INFO     MainProcess Calculating TOA reflectance
2020-03-01 04:31:36,133 __main__        INFO     MainProcess Calculating TOA reflectance
2020-03-01 04:31:36,157 __main__        INFO     MainProcess Calculating TOA reflectance
2020-03-01 04:31:36,172 __main__        INFO     MainProcess Calculating the albedo
2020-03-01 04:31:36,183 __main__        INFO     MainProcess Processing image bal: LC08_L1TP_015033_20160702_20170222_01_T1
2020-03-01 04:31:36,185 __main__        INFO     MainProcess Reading metadata
2020-03-01 04:31:36,186 __main__        INFO     MainProcess Calculating the albedo
2020-03-01 04:31:36,206 __main__        INFO     MainProcess Calculating TOA reflectance
2020-03-01 04:31:36,231 __main__        INFO     MainProcess Calculating TOA reflectance
2020-03-01 04:31:36,255 __main__        INFO     MainProcess Calculating TOA reflectance
2020-03-01 04:31:36,280 __main__        INFO     MainProcess Calculating TOA reflectance
2020-03-01 04:31:36,306 __main__        INFO     MainProcess Calculating TOA reflectance
2020-03-01 04:31:36,330 __main__        INFO     MainProcess Calculating TOA reflectance
2020-03-01 04:31:36,346 __main__        INFO     MainProcess Calculating the albedo
2020-03-01 04:31:36,358 __main__        INFO     MainProcess Processing image bal: LC08_L1GT_111211_20170908_20170926_01_T2
2020-03-01 04:31:36,359 __main__        INFO     MainProcess Reading metadata
2020-03-01 04:31:36,361 __main__        INFO     MainProcess Calculating the albedo
2020-03-01 04:31:36,382 __main__        INFO     MainProcess Calculating TOA reflectance
2020-03-01 04:31:36,404 __main__        INFO     MainProcess Calculating TOA reflectance
2020-03-01 04:31:36,427 __main__        INFO     MainProcess Calculating TOA reflectance
2020-03-01 04:31:36,450 __main__        INFO     MainProcess Calculating TOA reflectance
2020-03-01 04:31:36,473 __main__        INFO     MainProcess Calculating TOA reflectance
2020-03-01 04:31:36,496 __main__        INFO     MainProcess Calculating TOA reflectance
2020-03-01 04:31:36,511 __main__        INFO     MainProcess Calculating the albedo
2020-03-01 04:31:36,522 __main__        INFO     MainProcess Processing image bal: LC08_L1GT_111211_20160905_20170321_01_T2
2020-03-01 04:31:36,524 __main__        INFO     MainProcess Reading metadata
2020-03-01 04:31:36,526 __main__        INFO     MainProcess Calculating the albedo
2020-03-01 04:31:36,545 __main__        INFO     MainProcess Calculating TOA reflectance
2020-03-01 04:31:36,568 __main__        INFO     MainProcess Calculating TOA reflectance
2020-03-01 04:31:36,591 __main__        INFO     MainProcess Calculating TOA reflectance
2020-03-01 04:31:36,613 __main__        INFO     MainProcess Calculating TOA reflectance
2020-03-01 04:31:36,637 __main__        INFO     MainProcess Calculating TOA reflectance
2020-03-01 04:31:36,660 __main__        INFO     MainProcess Calculating TOA reflectance
2020-03-01 04:31:36,675 __main__        INFO     MainProcess Calculating the albedo
2020-03-01 04:31:36,686 __main__        INFO     MainProcess Processing image bal: LC08_L1GT_111211_20160820_20170322_01_T2
2020-03-01 04:31:36,687 __main__        INFO     MainProcess Reading metadata
2020-03-01 04:31:36,689 __main__        INFO     MainProcess Calculating the albedo
2020-03-01 04:31:36,708 __main__        INFO     MainProcess Calculating TOA reflectance
2020-03-01 04:31:36,730 __main__        INFO     MainProcess Calculating TOA reflectance
2020-03-01 04:31:36,753 __main__        INFO     MainProcess Calculating TOA reflectance
2020-03-01 04:31:36,775 __main__        INFO     MainProcess Calculating TOA reflectance
2020-03-01 04:31:36,799 __main__        INFO     MainProcess Calculating TOA reflectance
2020-03-01 04:31:36,822 __main__        INFO     MainProcess Calculating TOA reflectance
2020-03-01 04:31:36,838 __main__        INFO     MainProcess Calculating the albedo
2020-03-01 04:31:36,850 __main__        INFO     MainProcess Processing image bal: LC08_L1GT_111211_20160804_20170322_01_T2
2020-03-01 04:31:36,852 __main__        INFO     MainProcess Reading metadata
2020-03-01 04:31:36,854 __main__        INFO     MainProcess Calculating the albedo
2020-03-01 04:31:36,873 __main__        INFO     MainProcess Calculating TOA reflectance
2020-03-01 04:31:36,895 __main__        INFO     MainProcess Calculating TOA reflectance
2020-03-01 04:31:36,918 __main__        INFO     MainProcess Calculating TOA reflectance
2020-03-01 04:31:36,941 __main__        INFO     MainProcess Calculating TOA reflectance
2020-03-01 04:31:36,964 __main__        INFO     MainProcess Calculating TOA reflectance
2020-03-01 04:31:36,987 __main__        INFO     MainProcess Calculating TOA reflectance
2020-03-01 04:31:37,003 __main__        INFO     MainProcess Calculating the albedo
2020-03-01 04:31:37,014 __main__        INFO     MainProcess Processing image bal: LC08_L1TP_015033_20130811_20170309_01_T1
2020-03-01 04:31:37,015 __main__        INFO     MainProcess Reading metadata
2020-03-01 04:31:37,017 __main__        INFO     MainProcess Calculating the albedo
2020-03-01 04:31:37,037 __main__        INFO     MainProcess Calculating TOA reflectance
2020-03-01 04:31:37,061 __main__        INFO     MainProcess Calculating TOA reflectance
2020-03-01 04:31:37,086 __main__        INFO     MainProcess Calculating TOA reflectance
2020-03-01 04:31:37,111 __main__        INFO     MainProcess Calculating TOA reflectance
2020-03-01 04:31:37,135 __main__        INFO     MainProcess Calculating TOA reflectance
2020-03-01 04:31:37,160 __main__        INFO     MainProcess Calculating TOA reflectance
2020-03-01 04:31:37,174 __main__        INFO     MainProcess Calculating the albedo
2020-03-01 04:31:37,185 __main__        INFO     MainProcess Processing image phx: LC08_L1TP_037037_20170901_20170916_01_T1
2020-03-01 04:31:37,186 __main__        INFO     MainProcess Reading metadata
2020-03-01 04:31:37,188 __main__        INFO     MainProcess Calculating the albedo
2020-03-01 04:31:37,294 __main__        INFO     MainProcess Calculating TOA reflectance
2020-03-01 04:31:37,423 __main__        INFO     MainProcess Calculating TOA reflectance
2020-03-01 04:31:37,550 __main__        INFO     MainProcess Calculating TOA reflectance
2020-03-01 04:31:37,681 __main__        INFO     MainProcess Calculating TOA reflectance
2020-03-01 04:31:37,815 __main__        INFO     MainProcess Calculating TOA reflectance
2020-03-01 04:31:37,942 __main__        INFO     MainProcess Calculating TOA reflectance
2020-03-01 04:31:38,033 __main__        INFO     MainProcess Calculating the albedo
2020-03-01 04:31:38,070 __main__        INFO     MainProcess Processing image phx: LC08_L1TP_037037_20170816_20170825_01_T1
2020-03-01 04:31:38,072 __main__        INFO     MainProcess Reading metadata
2020-03-01 04:31:38,073 __main__        INFO     MainProcess Calculating the albedo
2020-03-01 04:31:38,179 __main__        INFO     MainProcess Calculating TOA reflectance
2020-03-01 04:31:38,309 __main__        INFO     MainProcess Calculating TOA reflectance
2020-03-01 04:31:38,436 __main__        INFO     MainProcess Calculating TOA reflectance
2020-03-01 04:31:38,568 __main__        INFO     MainProcess Calculating TOA reflectance
2020-03-01 04:31:38,696 __main__        INFO     MainProcess Calculating TOA reflectance
2020-03-01 04:31:38,824 __main__        INFO     MainProcess Calculating TOA reflectance
2020-03-01 04:31:38,917 __main__        INFO     MainProcess Calculating the albedo
2020-03-01 04:31:38,954 __main__        INFO     MainProcess Processing image phx: LC08_L1TP_037037_20170715_20170727_01_T1
2020-03-01 04:31:38,956 __main__        INFO     MainProcess Reading metadata
2020-03-01 04:31:38,957 __main__        INFO     MainProcess Calculating the albedo
2020-03-01 04:31:39,063 __main__        INFO     MainProcess Calculating TOA reflectance
2020-03-01 04:31:39,190 __main__        INFO     MainProcess Calculating TOA reflectance
2020-03-01 04:31:39,318 __main__        INFO     MainProcess Calculating TOA reflectance
2020-03-01 04:31:39,448 __main__        INFO     MainProcess Calculating TOA reflectance
2020-03-01 04:31:39,577 __main__        INFO     MainProcess Calculating TOA reflectance
2020-03-01 04:31:39,705 __main__        INFO     MainProcess Calculating TOA reflectance
2020-03-01 04:31:39,798 __main__        INFO     MainProcess Calculating the albedo
2020-03-01 04:31:39,836 __main__        INFO     MainProcess Processing image phx: LC08_L1TP_037037_20170629_20170714_01_T1
2020-03-01 04:31:39,838 __main__        INFO     MainProcess Reading metadata
2020-03-01 04:31:39,839 __main__        INFO     MainProcess Calculating the albedo
2020-03-01 04:31:39,946 __main__        INFO     MainProcess Calculating TOA reflectance
2020-03-01 04:31:40,073 __main__        INFO     MainProcess Calculating TOA reflectance
2020-03-01 04:31:40,200 __main__        INFO     MainProcess Calculating TOA reflectance
2020-03-01 04:31:40,328 __main__        INFO     MainProcess Calculating TOA reflectance
2020-03-01 04:31:40,456 __main__        INFO     MainProcess Calculating TOA reflectance
2020-03-01 04:31:40,584 __main__        INFO     MainProcess Calculating TOA reflectance
2020-03-01 04:31:40,677 __main__        INFO     MainProcess Calculating the albedo
2020-03-01 04:31:40,715 __main__        INFO     MainProcess Processing image phx: LC08_L1TP_037037_20170613_20170628_01_T1
2020-03-01 04:31:40,717 __main__        INFO     MainProcess Reading metadata
2020-03-01 04:31:40,718 __main__        INFO     MainProcess Calculating the albedo
2020-03-01 04:31:40,824 __main__        INFO     MainProcess Calculating TOA reflectance
2020-03-01 04:31:40,953 __main__        INFO     MainProcess Calculating TOA reflectance
2020-03-01 04:31:41,080 __main__        INFO     MainProcess Calculating TOA reflectance
2020-03-01 04:31:41,206 __main__        INFO     MainProcess Calculating TOA reflectance
2020-03-01 04:31:41,335 __main__        INFO     MainProcess Calculating TOA reflectance
2020-03-01 04:31:41,464 __main__        INFO     MainProcess Calculating TOA reflectance
2020-03-01 04:31:41,577 __main__        INFO     MainProcess Calculating the albedo
2020-03-01 04:31:41,616 __main__        INFO     MainProcess Processing image phx: LC08_L1GT_135207_20170916_20170929_01_T2
2020-03-01 04:31:41,617 __main__        INFO     MainProcess Reading metadata
2020-03-01 04:31:41,619 __main__        INFO     MainProcess Calculating the albedo
2020-03-01 04:31:41,724 __main__        INFO     MainProcess Calculating TOA reflectance
2020-03-01 04:31:41,849 __main__        INFO     MainProcess Calculating TOA reflectance
2020-03-01 04:31:41,972 __main__        INFO     MainProcess Calculating TOA reflectance
2020-03-01 04:31:42,098 __main__        INFO     MainProcess Calculating TOA reflectance
2020-03-01 04:31:42,224 __main__        INFO     MainProcess Calculating TOA reflectance
2020-03-01 04:31:42,349 __main__        INFO     MainProcess Calculating TOA reflectance
2020-03-01 04:31:42,443 __main__        INFO     MainProcess Calculating the albedo
2020-03-01 04:31:42,483 __main__        INFO     MainProcess Processing image phx: LC08_L1GT_135207_20170831_20170915_01_T2
2020-03-01 04:31:42,484 __main__        INFO     MainProcess Reading metadata
2020-03-01 04:31:42,485 __main__        INFO     MainProcess Calculating the albedo
2020-03-01 04:31:42,590 __main__        INFO     MainProcess Calculating TOA reflectance
2020-03-01 04:31:42,715 __main__        INFO     MainProcess Calculating TOA reflectance
2020-03-01 04:31:42,840 __main__        INFO     MainProcess Calculating TOA reflectance
2020-03-01 04:31:42,967 __main__        INFO     MainProcess Calculating TOA reflectance
2020-03-01 04:31:43,094 __main__        INFO     MainProcess Calculating TOA reflectance
2020-03-01 04:31:43,218 __main__        INFO     MainProcess Calculating TOA reflectance
2020-03-01 04:31:43,312 __main__        INFO     MainProcess Calculating the albedo
2020-03-01 04:31:43,351 __main__        INFO     MainProcess Processing image phx: LC08_L1GT_135207_20170815_20170825_01_T2
2020-03-01 04:31:43,353 __main__        INFO     MainProcess Reading metadata
2020-03-01 04:31:43,354 __main__        INFO     MainProcess Calculating the albedo
2020-03-01 04:31:43,459 __main__        INFO     MainProcess Calculating TOA reflectance
2020-03-01 04:31:43,584 __main__        INFO     MainProcess Calculating TOA reflectance
2020-03-01 04:31:43,708 __main__        INFO     MainProcess Calculating TOA reflectance
2020-03-01 04:31:43,835 __main__        INFO     MainProcess Calculating TOA reflectance
2020-03-01 04:31:43,964 __main__        INFO     MainProcess Calculating TOA reflectance
2020-03-01 04:31:44,088 __main__        INFO     MainProcess Calculating TOA reflectance
2020-03-01 04:31:44,182 __main__        INFO     MainProcess Calculating the albedo
2020-03-01 04:31:44,222 __main__        INFO     MainProcess Processing image phx: LC08_L1GT_135207_20170628_20170714_01_T2
2020-03-01 04:31:44,224 __main__        INFO     MainProcess Reading metadata
2020-03-01 04:31:44,225 __main__        INFO     MainProcess Calculating the albedo
2020-03-01 04:31:44,330 __main__        INFO     MainProcess Calculating TOA reflectance
2020-03-01 04:31:44,458 __main__        INFO     MainProcess Calculating TOA reflectance
2020-03-01 04:31:44,583 __main__        INFO     MainProcess Calculating TOA reflectance
2020-03-01 04:31:44,712 __main__        INFO     MainProcess Calculating TOA reflectance
2020-03-01 04:31:44,839 __main__        INFO     MainProcess Calculating TOA reflectance
2020-03-01 04:31:44,962 __main__        INFO     MainProcess Calculating TOA reflectance
2020-03-01 04:31:45,056 __main__        INFO     MainProcess Calculating the albedo
2020-03-01 04:31:45,095 __main__        INFO     MainProcess Processing image phx: LC08_L1GT_135207_20170612_20170628_01_T2
2020-03-01 04:31:45,096 __main__        INFO     MainProcess Reading metadata
2020-03-01 04:31:45,097 __main__        INFO     MainProcess Calculating the albedo
2020-03-01 04:31:45,202 __main__        INFO     MainProcess Calculating TOA reflectance
2020-03-01 04:31:45,327 __main__        INFO     MainProcess Calculating TOA reflectance
2020-03-01 04:31:45,451 __main__        INFO     MainProcess Calculating TOA reflectance
2020-03-01 04:31:45,576 __main__        INFO     MainProcess Calculating TOA reflectance
2020-03-01 04:31:45,703 __main__        INFO     MainProcess Calculating TOA reflectance
2020-03-01 04:31:45,828 __main__        INFO     MainProcess Calculating TOA reflectance
2020-03-01 04:31:45,922 __main__        INFO     MainProcess Calculating the albedo
2020-03-01 04:31:45,960 __main__        INFO     MainProcess Processing image por: LC08_L1TP_046028_20170730_20170811_01_T1
2020-03-01 04:31:45,962 __main__        INFO     MainProcess Reading metadata
2020-03-01 04:31:45,963 __main__        INFO     MainProcess Calculating the albedo
2020-03-01 04:31:45,999 __main__        INFO     MainProcess Calculating TOA reflectance
2020-03-01 04:31:46,041 __main__        INFO     MainProcess Calculating TOA reflectance
2020-03-01 04:31:46,084 __main__        INFO     MainProcess Calculating TOA reflectance
2020-03-01 04:31:46,127 __main__        INFO     MainProcess Calculating TOA reflectance
2020-03-01 04:31:46,171 __main__        INFO     MainProcess Calculating TOA reflectance
2020-03-01 04:31:46,213 __main__        INFO     MainProcess Calculating TOA reflectance
2020-03-01 04:31:46,240 __main__        INFO     MainProcess Calculating the albedo
2020-03-01 04:31:46,255 __main__        INFO     MainProcess Processing image por: LC08_L1TP_046028_20170714_20170726_01_T1
2020-03-01 04:31:46,257 __main__        INFO     MainProcess Reading metadata
2020-03-01 04:31:46,258 __main__        INFO     MainProcess Calculating the albedo
2020-03-01 04:31:46,294 __main__        INFO     MainProcess Calculating TOA reflectance
2020-03-01 04:31:46,337 __main__        INFO     MainProcess Calculating TOA reflectance
2020-03-01 04:31:46,379 __main__        INFO     MainProcess Calculating TOA reflectance
2020-03-01 04:31:46,422 __main__        INFO     MainProcess Calculating TOA reflectance
2020-03-01 04:31:46,466 __main__        INFO     MainProcess Calculating TOA reflectance
2020-03-01 04:31:46,508 __main__        INFO     MainProcess Calculating TOA reflectance
2020-03-01 04:31:46,535 __main__        INFO     MainProcess Calculating the albedo
2020-03-01 04:31:46,550 __main__        INFO     MainProcess Processing image por: LC08_L1TP_046028_20170527_20170615_01_T1
2020-03-01 04:31:46,551 __main__        INFO     MainProcess Reading metadata
2020-03-01 04:31:46,553 __main__        INFO     MainProcess Calculating the albedo
2020-03-01 04:31:46,588 __main__        INFO     MainProcess Calculating TOA reflectance
2020-03-01 04:31:46,630 __main__        INFO     MainProcess Calculating TOA reflectance
2020-03-01 04:31:46,674 __main__        INFO     MainProcess Calculating TOA reflectance
2020-03-01 04:31:46,716 __main__        INFO     MainProcess Calculating TOA reflectance
2020-03-01 04:31:46,760 __main__        INFO     MainProcess Calculating TOA reflectance
2020-03-01 04:31:46,803 __main__        INFO     MainProcess Calculating TOA reflectance
2020-03-01 04:31:46,830 __main__        INFO     MainProcess Calculating the albedo
2020-03-01 04:31:46,845 __main__        INFO     MainProcess Processing image por: LC08_L1TP_046028_20160913_20170221_01_T1
2020-03-01 04:31:46,847 __main__        INFO     MainProcess Reading metadata
2020-03-01 04:31:46,848 __main__        INFO     MainProcess Calculating the albedo
2020-03-01 04:31:46,883 __main__        INFO     MainProcess Calculating TOA reflectance
2020-03-01 04:31:46,927 __main__        INFO     MainProcess Calculating TOA reflectance
2020-03-01 04:31:46,969 __main__        INFO     MainProcess Calculating TOA reflectance
2020-03-01 04:31:47,011 __main__        INFO     MainProcess Calculating TOA reflectance
2020-03-01 04:31:47,054 __main__        INFO     MainProcess Calculating TOA reflectance
2020-03-01 04:31:47,097 __main__        INFO     MainProcess Calculating TOA reflectance
2020-03-01 04:31:47,124 __main__        INFO     MainProcess Calculating the albedo
2020-03-01 04:31:47,140 __main__        INFO     MainProcess Processing image por: LC08_L1TP_046028_20160812_20170222_01_T1
2020-03-01 04:31:47,141 __main__        INFO     MainProcess Reading metadata
2020-03-01 04:31:47,142 __main__        INFO     MainProcess Calculating the albedo
2020-03-01 04:31:47,178 __main__        INFO     MainProcess Calculating TOA reflectance
2020-03-01 04:31:47,220 __main__        INFO     MainProcess Calculating TOA reflectance
2020-03-01 04:31:47,263 __main__        INFO     MainProcess Calculating TOA reflectance
2020-03-01 04:31:47,305 __main__        INFO     MainProcess Calculating TOA reflectance
2020-03-01 04:31:47,349 __main__        INFO     MainProcess Calculating TOA reflectance
2020-03-01 04:31:47,392 __main__        INFO     MainProcess Calculating TOA reflectance
2020-03-01 04:31:47,420 __main__        INFO     MainProcess Calculating the albedo
2020-03-01 04:31:47,435 __main__        INFO     MainProcess Processing image por: LC08_L1GT_139216_20170928_20171013_01_T2
2020-03-01 04:31:47,437 __main__        INFO     MainProcess Reading metadata
2020-03-01 04:31:47,438 __main__        INFO     MainProcess Calculating the albedo
2020-03-01 04:31:47,474 __main__        INFO     MainProcess Calculating TOA reflectance
2020-03-01 04:31:47,516 __main__        INFO     MainProcess Calculating TOA reflectance
2020-03-01 04:31:47,558 __main__        INFO     MainProcess Calculating TOA reflectance
2020-03-01 04:31:47,602 __main__        INFO     MainProcess Calculating TOA reflectance
2020-03-01 04:31:47,645 __main__        INFO     MainProcess Calculating TOA reflectance
2020-03-01 04:31:47,687 __main__        INFO     MainProcess Calculating TOA reflectance
2020-03-01 04:31:47,714 __main__        INFO     MainProcess Calculating the albedo
2020-03-01 04:31:47,731 __main__        INFO     MainProcess Processing image por: LC08_L1GT_139216_20170912_20170927_01_T2
2020-03-01 04:31:47,732 __main__        INFO     MainProcess Reading metadata
2020-03-01 04:31:47,733 __main__        INFO     MainProcess Calculating the albedo
2020-03-01 04:31:47,769 __main__        INFO     MainProcess Calculating TOA reflectance
2020-03-01 04:31:47,813 __main__        INFO     MainProcess Calculating TOA reflectance
2020-03-01 04:31:47,855 __main__        INFO     MainProcess Calculating TOA reflectance
2020-03-01 04:31:47,897 __main__        INFO     MainProcess Calculating TOA reflectance
2020-03-01 04:31:47,940 __main__        INFO     MainProcess Calculating TOA reflectance
2020-03-01 04:31:47,981 __main__        INFO     MainProcess Calculating TOA reflectance
2020-03-01 04:31:48,009 __main__        INFO     MainProcess Calculating the albedo
2020-03-01 04:31:48,024 __main__        INFO     MainProcess Processing image por: LC08_L1GT_139216_20170827_20170913_01_T2
2020-03-01 04:31:48,025 __main__        INFO     MainProcess Reading metadata
2020-03-01 04:31:48,027 __main__        INFO     MainProcess Calculating the albedo
2020-03-01 04:31:48,062 __main__        INFO     MainProcess Calculating TOA reflectance
2020-03-01 04:31:48,104 __main__        INFO     MainProcess Calculating TOA reflectance
2020-03-01 04:31:48,146 __main__        INFO     MainProcess Calculating TOA reflectance
2020-03-01 04:31:48,188 __main__        INFO     MainProcess Calculating TOA reflectance
2020-03-01 04:31:48,231 __main__        INFO     MainProcess Calculating TOA reflectance
2020-03-01 04:31:48,273 __main__        INFO     MainProcess Calculating TOA reflectance
2020-03-01 04:31:48,301 __main__        INFO     MainProcess Calculating the albedo
2020-03-01 04:31:48,317 __main__        INFO     MainProcess Processing image por: LC08_L1GT_139216_20170624_20170701_01_T2
2020-03-01 04:31:48,318 __main__        INFO     MainProcess Reading metadata
2020-03-01 04:31:48,320 __main__        INFO     MainProcess Calculating the albedo
2020-03-01 04:31:48,355 __main__        INFO     MainProcess Calculating TOA reflectance
2020-03-01 04:31:48,400 __main__        INFO     MainProcess Calculating TOA reflectance
2020-03-01 04:31:48,442 __main__        INFO     MainProcess Calculating TOA reflectance
2020-03-01 04:31:48,484 __main__        INFO     MainProcess Calculating TOA reflectance
2020-03-01 04:31:48,527 __main__        INFO     MainProcess Calculating TOA reflectance
2020-03-01 04:31:48,569 __main__        INFO     MainProcess Calculating TOA reflectance
2020-03-01 04:31:48,596 __main__        INFO     MainProcess Calculating the albedo
2020-03-01 04:31:48,611 __main__        INFO     MainProcess Processing image por: LC08_L1GT_139216_20170523_20170526_01_T2
2020-03-01 04:31:48,613 __main__        INFO     MainProcess Reading metadata
2020-03-01 04:31:48,614 __main__        INFO     MainProcess Calculating the albedo
2020-03-01 04:31:48,650 __main__        INFO     MainProcess Calculating TOA reflectance
2020-03-01 04:31:48,691 __main__        INFO     MainProcess Calculating TOA reflectance
2020-03-01 04:31:48,733 __main__        INFO     MainProcess Calculating TOA reflectance
2020-03-01 04:31:48,775 __main__        INFO     MainProcess Calculating TOA reflectance
2020-03-01 04:31:48,817 __main__        INFO     MainProcess Calculating TOA reflectance
2020-03-01 04:31:48,859 __main__        INFO     MainProcess Calculating TOA reflectance
2020-03-01 04:31:48,886 __main__        INFO     MainProcess Calculating the albedo
2020-03-01 04:31:48,902 __main__        INFO     MainProcess Processing image det: LC08_L1GT_115213_20170904_20170916_01_T2
2020-03-01 04:31:48,903 __main__        INFO     MainProcess Reading metadata
2020-03-01 04:31:48,904 __main__        INFO     MainProcess Calculating the albedo
2020-03-01 04:31:48,938 __main__        INFO     MainProcess Calculating TOA reflectance
2020-03-01 04:31:48,979 __main__        INFO     MainProcess Calculating TOA reflectance
2020-03-01 04:31:49,022 __main__        INFO     MainProcess Calculating TOA reflectance
2020-03-01 04:31:49,062 __main__        INFO     MainProcess Calculating TOA reflectance
2020-03-01 04:31:49,104 __main__        INFO     MainProcess Calculating TOA reflectance
2020-03-01 04:31:49,145 __main__        INFO     MainProcess Calculating TOA reflectance
2020-03-01 04:31:49,172 __main__        INFO     MainProcess Calculating the albedo
2020-03-01 04:31:49,187 __main__        INFO     MainProcess Processing image det: LC08_L1GT_115213_20170819_20170826_01_T2
2020-03-01 04:31:49,188 __main__        INFO     MainProcess Reading metadata
2020-03-01 04:31:49,189 __main__        INFO     MainProcess Calculating the albedo
2020-03-01 04:31:49,223 __main__        INFO     MainProcess Calculating TOA reflectance
2020-03-01 04:31:49,263 __main__        INFO     MainProcess Calculating TOA reflectance
2020-03-01 04:31:49,321 __main__        INFO     MainProcess Calculating TOA reflectance
2020-03-01 04:31:49,371 __main__        INFO     MainProcess Calculating TOA reflectance
2020-03-01 04:31:49,411 __main__        INFO     MainProcess Calculating TOA reflectance
2020-03-01 04:31:49,454 __main__        INFO     MainProcess Calculating TOA reflectance
2020-03-01 04:31:49,481 __main__        INFO     MainProcess Calculating the albedo
2020-03-01 04:31:49,496 __main__        INFO     MainProcess Processing image det: LC08_L1GT_115213_20170718_20170727_01_T2
2020-03-01 04:31:49,497 __main__        INFO     MainProcess Reading metadata
2020-03-01 04:31:49,499 __main__        INFO     MainProcess Calculating the albedo
2020-03-01 04:31:49,533 __main__        INFO     MainProcess Calculating TOA reflectance
2020-03-01 04:31:49,573 __main__        INFO     MainProcess Calculating TOA reflectance
2020-03-01 04:31:49,617 __main__        INFO     MainProcess Calculating TOA reflectance
2020-03-01 04:31:49,658 __main__        INFO     MainProcess Calculating TOA reflectance
2020-03-01 04:31:49,699 __main__        INFO     MainProcess Calculating TOA reflectance
2020-03-01 04:31:49,740 __main__        INFO     MainProcess Calculating TOA reflectance
2020-03-01 04:31:49,770 __main__        INFO     MainProcess Calculating the albedo
2020-03-01 04:31:49,785 __main__        INFO     MainProcess Processing image det: LC08_L1GT_115213_20170531_20170615_01_T2
2020-03-01 04:31:49,787 __main__        INFO     MainProcess Reading metadata
2020-03-01 04:31:49,790 __main__        INFO     MainProcess Calculating the albedo
2020-03-01 04:31:49,824 __main__        INFO     MainProcess Calculating TOA reflectance
2020-03-01 04:31:49,864 __main__        INFO     MainProcess Calculating TOA reflectance
2020-03-01 04:31:49,905 __main__        INFO     MainProcess Calculating TOA reflectance
2020-03-01 04:31:50,058 __main__        INFO     MainProcess Calculating TOA reflectance
2020-03-01 04:31:50,107 __main__        INFO     MainProcess Calculating TOA reflectance
2020-03-01 04:31:50,155 __main__        INFO     MainProcess Calculating TOA reflectance
2020-03-01 04:31:50,186 __main__        INFO     MainProcess Calculating the albedo
2020-03-01 04:31:50,206 __main__        INFO     MainProcess Processing image det: LC08_L1GT_115213_20170515_20170525_01_T2
2020-03-01 04:31:50,227 __main__        INFO     MainProcess Reading metadata
2020-03-01 04:31:50,229 __main__        INFO     MainProcess Calculating the albedo
2020-03-01 04:31:50,272 __main__        INFO     MainProcess Calculating TOA reflectance
2020-03-01 04:31:50,378 __main__        INFO     MainProcess Calculating TOA reflectance
2020-03-01 04:31:50,433 __main__        INFO     MainProcess Calculating TOA reflectance
2020-03-01 04:31:50,564 __main__        INFO     MainProcess Calculating TOA reflectance
2020-03-01 04:31:50,676 __main__        INFO     MainProcess Calculating TOA reflectance
2020-03-01 04:31:50,817 __main__        INFO     MainProcess Calculating TOA reflectance
2020-03-01 04:31:50,862 __main__        INFO     MainProcess Calculating the albedo
2020-03-01 04:31:50,881 __main__        INFO     MainProcess Processing image det: LC08_L1TP_020031_20170926_20171013_01_T1
2020-03-01 04:31:50,932 __main__        INFO     MainProcess Reading metadata
2020-03-01 04:31:50,946 __main__        INFO     MainProcess Calculating the albedo
2020-03-01 04:31:51,000 __main__        INFO     MainProcess Calculating TOA reflectance
2020-03-01 04:31:51,118 __main__        INFO     MainProcess Calculating TOA reflectance
2020-03-01 04:31:51,228 __main__        INFO     MainProcess Calculating TOA reflectance
2020-03-01 04:31:51,300 __main__        INFO     MainProcess Calculating TOA reflectance
2020-03-01 04:31:51,389 __main__        INFO     MainProcess Calculating TOA reflectance
2020-03-01 04:31:51,430 __main__        INFO     MainProcess Calculating TOA reflectance
2020-03-01 04:31:51,456 __main__        INFO     MainProcess Calculating the albedo
2020-03-01 04:31:51,471 __main__        INFO     MainProcess Processing image det: LC08_L1TP_020031_20160518_20170223_01_T1
2020-03-01 04:31:51,473 __main__        INFO     MainProcess Reading metadata
2020-03-01 04:31:51,474 __main__        INFO     MainProcess Calculating the albedo
2020-03-01 04:31:51,509 __main__        INFO     MainProcess Calculating TOA reflectance
2020-03-01 04:31:51,549 __main__        INFO     MainProcess Calculating TOA reflectance
2020-03-01 04:31:51,590 __main__        INFO     MainProcess Calculating TOA reflectance
2020-03-01 04:31:51,631 __main__        INFO     MainProcess Calculating TOA reflectance
2020-03-01 04:31:51,672 __main__        INFO     MainProcess Calculating TOA reflectance
2020-03-01 04:31:51,713 __main__        INFO     MainProcess Calculating TOA reflectance
2020-03-01 04:31:51,740 __main__        INFO     MainProcess Calculating the albedo
2020-03-01 04:31:51,756 __main__        INFO     MainProcess Processing image det: LC08_L1TP_020031_20160603_20170223_01_T1
2020-03-01 04:31:51,757 __main__        INFO     MainProcess Reading metadata
2020-03-01 04:31:51,758 __main__        INFO     MainProcess Calculating the albedo
2020-03-01 04:31:51,793 __main__        INFO     MainProcess Calculating TOA reflectance
2020-03-01 04:31:51,834 __main__        INFO     MainProcess Calculating TOA reflectance
2020-03-01 04:31:51,875 __main__        INFO     MainProcess Calculating TOA reflectance
2020-03-01 04:31:51,915 __main__        INFO     MainProcess Calculating TOA reflectance
2020-03-01 04:31:51,957 __main__        INFO     MainProcess Calculating TOA reflectance
2020-03-01 04:31:51,997 __main__        INFO     MainProcess Calculating TOA reflectance
2020-03-01 04:31:52,024 __main__        INFO     MainProcess Calculating the albedo
2020-03-01 04:31:52,042 __main__        INFO     MainProcess Calculating the mean: bal, lst, day
2020-03-01 04:31:52,074 __main__        INFO     MainProcess Calculating the albedo
2020-03-01 04:31:52,083 __main__        INFO     MainProcess Calculating the mean: bal, ndvi, day
2020-03-01 04:31:52,116 __main__        INFO     MainProcess Calculating the albedo
2020-03-01 04:31:52,124 __main__        INFO     MainProcess Calculating the mean: bal, albedo, day
2020-03-01 04:31:52,157 __main__        INFO     MainProcess Calculating the albedo
2020-03-01 04:31:52,165 __main__        INFO     MainProcess Calculating the mean: bal, thermal-radiance, day
2020-03-01 04:31:52,198 __main__        INFO     MainProcess Calculating the albedo
2020-03-01 04:31:52,206 __main__        INFO     MainProcess Calculating the mean: bal, nbdi, day
2020-03-01 04:31:52,240 __main__        INFO     MainProcess Calculating the albedo
2020-03-01 04:31:52,251 __main__        INFO     MainProcess Calculating the mean: bal, lst, night
2020-03-01 04:31:52,277 __main__        INFO     MainProcess Calculating the albedo
2020-03-01 04:31:52,286 __main__        INFO     MainProcess Calculating the mean: bal, ndvi, night
2020-03-01 04:31:52,315 __main__        INFO     MainProcess Calculating the albedo
2020-03-01 04:31:52,323 __main__        INFO     MainProcess Calculating the mean: bal, albedo, night
2020-03-01 04:31:52,350 __main__        INFO     MainProcess Calculating the albedo
2020-03-01 04:31:52,358 __main__        INFO     MainProcess Calculating the mean: bal, thermal-radiance, night
2020-03-01 04:31:52,386 __main__        INFO     MainProcess Calculating the albedo
2020-03-01 04:31:52,394 __main__        INFO     MainProcess Calculating the mean: bal, nbdi, night
2020-03-01 04:31:52,421 __main__        INFO     MainProcess Calculating the albedo
2020-03-01 04:31:52,432 __main__        INFO     MainProcess Calculating the mean: det, lst, day
2020-03-01 04:31:52,473 __main__        INFO     MainProcess Calculating the albedo
2020-03-01 04:31:52,484 __main__        INFO     MainProcess Calculating the mean: det, ndvi, day
2020-03-01 04:31:52,526 __main__        INFO     MainProcess Calculating the albedo
2020-03-01 04:31:52,537 __main__        INFO     MainProcess Calculating the mean: det, albedo, day
2020-03-01 04:31:52,580 __main__        INFO     MainProcess Calculating the albedo
2020-03-01 04:31:52,590 __main__        INFO     MainProcess Calculating the mean: det, thermal-radiance, day
2020-03-01 04:31:52,633 __main__        INFO     MainProcess Calculating the albedo
2020-03-01 04:31:52,644 __main__        INFO     MainProcess Calculating the mean: det, nbdi, day
2020-03-01 04:31:52,687 __main__        INFO     MainProcess Calculating the albedo
2020-03-01 04:31:52,702 __main__        INFO     MainProcess Calculating the mean: det, lst, night
2020-03-01 04:31:52,767 __main__        INFO     MainProcess Calculating the albedo
2020-03-01 04:31:52,778 __main__        INFO     MainProcess Calculating the mean: det, ndvi, night
2020-03-01 04:31:52,848 __main__        INFO     MainProcess Calculating the albedo
2020-03-01 04:31:52,860 __main__        INFO     MainProcess Calculating the mean: det, albedo, night
2020-03-01 04:31:52,928 __main__        INFO     MainProcess Calculating the albedo
2020-03-01 04:31:52,938 __main__        INFO     MainProcess Calculating the mean: det, thermal-radiance, night
2020-03-01 04:31:53,007 __main__        INFO     MainProcess Calculating the albedo
2020-03-01 04:31:53,018 __main__        INFO     MainProcess Calculating the mean: det, nbdi, night
2020-03-01 04:31:53,086 __main__        INFO     MainProcess Calculating the albedo
2020-03-01 04:31:53,102 __main__        INFO     MainProcess Calculating the mean: phx, lst, day
2020-03-01 04:31:53,337 __main__        INFO     MainProcess Calculating the albedo
2020-03-01 04:31:53,363 __main__        INFO     MainProcess Calculating the mean: phx, ndvi, day
2020-03-01 04:31:53,581 __main__        INFO     MainProcess Calculating the albedo
2020-03-01 04:31:53,606 __main__        INFO     MainProcess Calculating the mean: phx, albedo, day
2020-03-01 04:31:53,823 __main__        INFO     MainProcess Calculating the albedo
2020-03-01 04:31:53,848 __main__        INFO     MainProcess Calculating the mean: phx, thermal-radiance, day
2020-03-01 04:31:54,066 __main__        INFO     MainProcess Calculating the albedo
2020-03-01 04:31:54,091 __main__        INFO     MainProcess Calculating the mean: phx, nbdi, day
2020-03-01 04:31:54,344 __main__        INFO     MainProcess Calculating the albedo
2020-03-01 04:31:54,391 __main__        INFO     MainProcess Calculating the mean: phx, lst, night
2020-03-01 04:31:54,633 __main__        INFO     MainProcess Calculating the albedo
2020-03-01 04:31:54,661 __main__        INFO     MainProcess Calculating the mean: phx, ndvi, night
2020-03-01 04:31:54,891 __main__        INFO     MainProcess Calculating the albedo
2020-03-01 04:31:54,917 __main__        INFO     MainProcess Calculating the mean: phx, albedo, night
2020-03-01 04:31:55,132 __main__        INFO     MainProcess Calculating the albedo
2020-03-01 04:31:55,157 __main__        INFO     MainProcess Calculating the mean: phx, thermal-radiance, night
2020-03-01 04:31:55,406 __main__        INFO     MainProcess Calculating the albedo
2020-03-01 04:31:55,432 __main__        INFO     MainProcess Calculating the mean: phx, nbdi, night
2020-03-01 04:31:55,660 __main__        INFO     MainProcess Calculating the albedo
2020-03-01 04:31:55,697 __main__        INFO     MainProcess Calculating the mean: por, lst, day
2020-03-01 04:31:55,764 __main__        INFO     MainProcess Calculating the albedo
2020-03-01 04:31:55,776 __main__        INFO     MainProcess Calculating the mean: por, ndvi, day
2020-03-01 04:31:55,861 __main__        INFO     MainProcess Calculating the albedo
2020-03-01 04:31:55,872 __main__        INFO     MainProcess Calculating the mean: por, albedo, day
2020-03-01 04:31:55,969 __main__        INFO     MainProcess Calculating the albedo
2020-03-01 04:31:55,980 __main__        INFO     MainProcess Calculating the mean: por, thermal-radiance, day
2020-03-01 04:31:56,048 __main__        INFO     MainProcess Calculating the albedo
2020-03-01 04:31:56,059 __main__        INFO     MainProcess Calculating the mean: por, nbdi, day
2020-03-01 04:31:56,128 __main__        INFO     MainProcess Calculating the albedo
2020-03-01 04:31:56,145 __main__        INFO     MainProcess Calculating the mean: por, lst, night
2020-03-01 04:31:56,210 __main__        INFO     MainProcess Calculating the albedo
2020-03-01 04:31:56,221 __main__        INFO     MainProcess Calculating the mean: por, ndvi, night
2020-03-01 04:31:56,291 __main__        INFO     MainProcess Calculating the albedo
2020-03-01 04:31:56,302 __main__        INFO     MainProcess Calculating the mean: por, albedo, night
2020-03-01 04:31:56,370 __main__        INFO     MainProcess Calculating the albedo
2020-03-01 04:31:56,380 __main__        INFO     MainProcess Calculating the mean: por, thermal-radiance, night
2020-03-01 04:31:56,449 __main__        INFO     MainProcess Calculating the albedo
2020-03-01 04:31:56,460 __main__        INFO     MainProcess Calculating the mean: por, nbdi, night
2020-03-01 04:31:56,529 __main__        INFO     MainProcess Calculating the albedo
